{"/Users/cmoura01/Documents/dev/study/playgound/src/App.js": {"path":"/Users/cmoura01/Documents/dev/study/playgound/src/App.js","statementMap":{"0":{"start":{"line":4,"column":12},"end":{"line":10,"column":1}},"1":{"start":{"line":5,"column":2},"end":{"line":9,"column":3}}},"fnMap":{"0":{"name":"(anonymous_0)","decl":{"start":{"line":4,"column":12},"end":{"line":4,"column":13}},"loc":{"start":{"line":4,"column":18},"end":{"line":10,"column":1}},"line":4}},"branchMap":{},"s":{"0":0,"1":0},"f":{"0":0},"b":{}}
,"/Users/cmoura01/Documents/dev/study/playgound/src/index.js": {"path":"/Users/cmoura01/Documents/dev/study/playgound/src/index.js","statementMap":{"0":{"start":{"line":5,"column":0},"end":{"line":10,"column":2}}},"fnMap":{},"branchMap":{},"s":{"0":0},"f":{},"b":{}}
,"/Users/cmoura01/Documents/dev/study/playgound/src/config/constants.js": {"path":"/Users/cmoura01/Documents/dev/study/playgound/src/config/constants.js","statementMap":{"0":{"start":{"line":1,"column":38},"end":{"line":4,"column":1}},"1":{"start":{"line":6,"column":29},"end":{"line":10,"column":1}},"2":{"start":{"line":12,"column":44},"end":{"line":12,"column":87}}},"fnMap":{},"branchMap":{},"s":{"0":2,"1":2,"2":2},"f":{},"b":{},"_coverageSchema":"1a1c01bbd47fc00a2c39e90264f33305004495a9","hash":"1c0d2e88beb300dc204ae9d963264346c4cb675f"}
,"/Users/cmoura01/Documents/dev/study/playgound/src/config/endpoints.js": {"path":"/Users/cmoura01/Documents/dev/study/playgound/src/config/endpoints.js","statementMap":{"0":{"start":{"line":1,"column":30},"end":{"line":1,"column":56}}},"fnMap":{},"branchMap":{},"s":{"0":1},"f":{},"b":{},"_coverageSchema":"1a1c01bbd47fc00a2c39e90264f33305004495a9","hash":"7bc18ad4bdcbf12e4e264e7fc30b7161e0b6bb1e"}
,"/Users/cmoura01/Documents/dev/study/playgound/src/services/AuthService.js": {"path":"/Users/cmoura01/Documents/dev/study/playgound/src/services/AuthService.js","statementMap":{"0":{"start":{"line":4,"column":20},"end":{"line":11,"column":1}},"1":{"start":{"line":6,"column":4},"end":{"line":6,"column":51}},"2":{"start":{"line":9,"column":4},"end":{"line":9,"column":51}}},"fnMap":{"0":{"name":"(anonymous_0)","decl":{"start":{"line":5,"column":2},"end":{"line":5,"column":3}},"loc":{"start":{"line":5,"column":29},"end":{"line":7,"column":3}},"line":5},"1":{"name":"(anonymous_1)","decl":{"start":{"line":8,"column":2},"end":{"line":8,"column":3}},"loc":{"start":{"line":8,"column":30},"end":{"line":10,"column":3}},"line":8}},"branchMap":{},"s":{"0":0,"1":0,"2":0},"f":{"0":0,"1":0},"b":{}}
,"/Users/cmoura01/Documents/dev/study/playgound/src/services/MusicService.js": {"path":"/Users/cmoura01/Documents/dev/study/playgound/src/services/MusicService.js","statementMap":{"0":{"start":{"line":4,"column":21},"end":{"line":20,"column":1}},"1":{"start":{"line":6,"column":4},"end":{"line":6,"column":54}},"2":{"start":{"line":9,"column":4},"end":{"line":9,"column":62}},"3":{"start":{"line":12,"column":4},"end":{"line":12,"column":63}},"4":{"start":{"line":15,"column":4},"end":{"line":15,"column":63}},"5":{"start":{"line":18,"column":4},"end":{"line":18,"column":42}}},"fnMap":{"0":{"name":"(anonymous_0)","decl":{"start":{"line":5,"column":2},"end":{"line":5,"column":3}},"loc":{"start":{"line":5,"column":26},"end":{"line":7,"column":3}},"line":5},"1":{"name":"(anonymous_1)","decl":{"start":{"line":8,"column":2},"end":{"line":8,"column":3}},"loc":{"start":{"line":8,"column":25},"end":{"line":10,"column":3}},"line":8},"2":{"name":"(anonymous_2)","decl":{"start":{"line":11,"column":2},"end":{"line":11,"column":3}},"loc":{"start":{"line":11,"column":32},"end":{"line":13,"column":3}},"line":11},"3":{"name":"(anonymous_3)","decl":{"start":{"line":14,"column":2},"end":{"line":14,"column":3}},"loc":{"start":{"line":14,"column":37},"end":{"line":16,"column":3}},"line":14},"4":{"name":"(anonymous_4)","decl":{"start":{"line":17,"column":2},"end":{"line":17,"column":3}},"loc":{"start":{"line":17,"column":29},"end":{"line":19,"column":3}},"line":17}},"branchMap":{},"s":{"0":1,"1":0,"2":0,"3":0,"4":0,"5":0},"f":{"0":0,"1":0,"2":0,"3":0,"4":0},"b":{},"_coverageSchema":"1a1c01bbd47fc00a2c39e90264f33305004495a9","hash":"f178f60257bd8194dc2f3e699322dbbaefdfb7b7"}
,"/Users/cmoura01/Documents/dev/study/playgound/src/services/utils.js": {"path":"/Users/cmoura01/Documents/dev/study/playgound/src/services/utils.js","statementMap":{"0":{"start":{"line":1,"column":28},"end":{"line":1,"column":47}},"1":{"start":{"line":1,"column":34},"end":{"line":1,"column":47}}},"fnMap":{"0":{"name":"(anonymous_0)","decl":{"start":{"line":1,"column":28},"end":{"line":1,"column":29}},"loc":{"start":{"line":1,"column":34},"end":{"line":1,"column":47}},"line":1}},"branchMap":{},"s":{"0":0,"1":0},"f":{"0":0},"b":{}}
,"/Users/cmoura01/Documents/dev/study/playgound/src/state/store.js": {"path":"/Users/cmoura01/Documents/dev/study/playgound/src/state/store.js","statementMap":{"0":{"start":{"line":6,"column":21},"end":{"line":6,"column":23}},"1":{"start":{"line":8,"column":19},"end":{"line":8,"column":26}},"2":{"start":{"line":10,"column":14},"end":{"line":14,"column":1}}},"fnMap":{},"branchMap":{},"s":{"0":2,"1":2,"2":2},"f":{},"b":{},"_coverageSchema":"1a1c01bbd47fc00a2c39e90264f33305004495a9","hash":"f62232a3012a2b5b194021d0f14e56a399fbb0c3"}
,"/Users/cmoura01/Documents/dev/study/playgound/src/state/actions/auth/actions.js": {"path":"/Users/cmoura01/Documents/dev/study/playgound/src/state/actions/auth/actions.js","statementMap":{"0":{"start":{"line":12,"column":29},"end":{"line":28,"column":1}},"1":{"start":{"line":12,"column":39},"end":{"line":28,"column":1}},"2":{"start":{"line":13,"column":2},"end":{"line":13,"column":45}},"3":{"start":{"line":15,"column":2},"end":{"line":27,"column":3}},"4":{"start":{"line":16,"column":21},"end":{"line":16,"column":60}},"5":{"start":{"line":17,"column":21},"end":{"line":17,"column":25}},"6":{"start":{"line":19,"column":4},"end":{"line":22,"column":7}},"7":{"start":{"line":24,"column":4},"end":{"line":26,"column":6}},"8":{"start":{"line":30,"column":28},"end":{"line":46,"column":1}},"9":{"start":{"line":30,"column":38},"end":{"line":46,"column":1}},"10":{"start":{"line":31,"column":2},"end":{"line":31,"column":36}},"11":{"start":{"line":33,"column":2},"end":{"line":45,"column":3}},"12":{"start":{"line":34,"column":21},"end":{"line":34,"column":59}},"13":{"start":{"line":35,"column":21},"end":{"line":35,"column":25}},"14":{"start":{"line":37,"column":4},"end":{"line":40,"column":7}},"15":{"start":{"line":42,"column":4},"end":{"line":44,"column":6}},"16":{"start":{"line":48,"column":22},"end":{"line":48,"column":66}},"17":{"start":{"line":48,"column":28},"end":{"line":48,"column":66}},"18":{"start":{"line":48,"column":40},"end":{"line":48,"column":66}}},"fnMap":{"0":{"name":"(anonymous_0)","decl":{"start":{"line":12,"column":29},"end":{"line":12,"column":30}},"loc":{"start":{"line":12,"column":39},"end":{"line":28,"column":1}},"line":12},"1":{"name":"(anonymous_1)","decl":{"start":{"line":12,"column":39},"end":{"line":12,"column":40}},"loc":{"start":{"line":12,"column":59},"end":{"line":28,"column":1}},"line":12},"2":{"name":"(anonymous_2)","decl":{"start":{"line":30,"column":28},"end":{"line":30,"column":29}},"loc":{"start":{"line":30,"column":38},"end":{"line":46,"column":1}},"line":30},"3":{"name":"(anonymous_3)","decl":{"start":{"line":30,"column":38},"end":{"line":30,"column":39}},"loc":{"start":{"line":30,"column":58},"end":{"line":46,"column":1}},"line":30},"4":{"name":"(anonymous_4)","decl":{"start":{"line":48,"column":22},"end":{"line":48,"column":23}},"loc":{"start":{"line":48,"column":28},"end":{"line":48,"column":66}},"line":48},"5":{"name":"(anonymous_5)","decl":{"start":{"line":48,"column":28},"end":{"line":48,"column":29}},"loc":{"start":{"line":48,"column":40},"end":{"line":48,"column":66}},"line":48}},"branchMap":{},"s":{"0":0,"1":0,"2":0,"3":0,"4":0,"5":0,"6":0,"7":0,"8":0,"9":0,"10":0,"11":0,"12":0,"13":0,"14":0,"15":0,"16":0,"17":0,"18":0},"f":{"0":0,"1":0,"2":0,"3":0,"4":0,"5":0},"b":{}}
,"/Users/cmoura01/Documents/dev/study/playgound/src/state/actions/auth/types.js": {"path":"/Users/cmoura01/Documents/dev/study/playgound/src/state/actions/auth/types.js","statementMap":{"0":{"start":{"line":1,"column":29},"end":{"line":1,"column":44}},"1":{"start":{"line":2,"column":29},"end":{"line":2,"column":44}},"2":{"start":{"line":3,"column":27},"end":{"line":3,"column":40}},"3":{"start":{"line":5,"column":38},"end":{"line":5,"column":62}},"4":{"start":{"line":6,"column":38},"end":{"line":6,"column":62}},"5":{"start":{"line":7,"column":36},"end":{"line":7,"column":58}},"6":{"start":{"line":9,"column":22},"end":{"line":9,"column":30}}},"fnMap":{},"branchMap":{},"s":{"0":2,"1":2,"2":2,"3":2,"4":2,"5":2,"6":2},"f":{},"b":{},"_coverageSchema":"1a1c01bbd47fc00a2c39e90264f33305004495a9","hash":"018e918c6051ec4ca1cc7e7c79eed709887a9b78"}
,"/Users/cmoura01/Documents/dev/study/playgound/src/state/actions/favorites/actions.js": {"path":"/Users/cmoura01/Documents/dev/study/playgound/src/state/actions/favorites/actions.js","statementMap":{"0":{"start":{"line":4,"column":33},"end":{"line":20,"column":1}},"1":{"start":{"line":4,"column":39},"end":{"line":20,"column":1}},"2":{"start":{"line":5,"column":2},"end":{"line":5,"column":40}},"3":{"start":{"line":7,"column":2},"end":{"line":19,"column":3}},"4":{"start":{"line":8,"column":21},"end":{"line":8,"column":60}},"5":{"start":{"line":9,"column":26},"end":{"line":9,"column":30}},"6":{"start":{"line":11,"column":4},"end":{"line":14,"column":7}},"7":{"start":{"line":16,"column":4},"end":{"line":18,"column":6}},"8":{"start":{"line":22,"column":35},"end":{"line":38,"column":1}},"9":{"start":{"line":22,"column":41},"end":{"line":38,"column":1}},"10":{"start":{"line":23,"column":2},"end":{"line":23,"column":40}},"11":{"start":{"line":25,"column":2},"end":{"line":37,"column":3}},"12":{"start":{"line":26,"column":21},"end":{"line":26,"column":63}},"13":{"start":{"line":27,"column":26},"end":{"line":27,"column":30}},"14":{"start":{"line":29,"column":4},"end":{"line":32,"column":7}},"15":{"start":{"line":34,"column":4},"end":{"line":36,"column":6}},"16":{"start":{"line":40,"column":40},"end":{"line":56,"column":1}},"17":{"start":{"line":40,"column":46},"end":{"line":56,"column":1}},"18":{"start":{"line":41,"column":2},"end":{"line":41,"column":40}},"19":{"start":{"line":43,"column":2},"end":{"line":55,"column":3}},"20":{"start":{"line":44,"column":21},"end":{"line":44,"column":68}},"21":{"start":{"line":45,"column":26},"end":{"line":45,"column":30}},"22":{"start":{"line":47,"column":4},"end":{"line":50,"column":7}},"23":{"start":{"line":52,"column":4},"end":{"line":54,"column":6}}},"fnMap":{"0":{"name":"(anonymous_0)","decl":{"start":{"line":4,"column":33},"end":{"line":4,"column":34}},"loc":{"start":{"line":4,"column":39},"end":{"line":20,"column":1}},"line":4},"1":{"name":"(anonymous_1)","decl":{"start":{"line":4,"column":39},"end":{"line":4,"column":40}},"loc":{"start":{"line":4,"column":59},"end":{"line":20,"column":1}},"line":4},"2":{"name":"(anonymous_2)","decl":{"start":{"line":22,"column":35},"end":{"line":22,"column":36}},"loc":{"start":{"line":22,"column":41},"end":{"line":38,"column":1}},"line":22},"3":{"name":"(anonymous_3)","decl":{"start":{"line":22,"column":41},"end":{"line":22,"column":42}},"loc":{"start":{"line":22,"column":61},"end":{"line":38,"column":1}},"line":22},"4":{"name":"(anonymous_4)","decl":{"start":{"line":40,"column":40},"end":{"line":40,"column":41}},"loc":{"start":{"line":40,"column":46},"end":{"line":56,"column":1}},"line":40},"5":{"name":"(anonymous_5)","decl":{"start":{"line":40,"column":46},"end":{"line":40,"column":47}},"loc":{"start":{"line":40,"column":66},"end":{"line":56,"column":1}},"line":40}},"branchMap":{},"s":{"0":0,"1":0,"2":0,"3":0,"4":0,"5":0,"6":0,"7":0,"8":0,"9":0,"10":0,"11":0,"12":0,"13":0,"14":0,"15":0,"16":0,"17":0,"18":0,"19":0,"20":0,"21":0,"22":0,"23":0},"f":{"0":0,"1":0,"2":0,"3":0,"4":0,"5":0},"b":{}}
,"/Users/cmoura01/Documents/dev/study/playgound/src/state/actions/favorites/types.js": {"path":"/Users/cmoura01/Documents/dev/study/playgound/src/state/actions/favorites/types.js","statementMap":{"0":{"start":{"line":1,"column":33},"end":{"line":1,"column":52}},"1":{"start":{"line":2,"column":33},"end":{"line":2,"column":52}},"2":{"start":{"line":3,"column":31},"end":{"line":3,"column":48}},"3":{"start":{"line":5,"column":36},"end":{"line":5,"column":58}},"4":{"start":{"line":6,"column":36},"end":{"line":6,"column":58}},"5":{"start":{"line":7,"column":34},"end":{"line":7,"column":54}},"6":{"start":{"line":9,"column":39},"end":{"line":9,"column":64}},"7":{"start":{"line":10,"column":39},"end":{"line":10,"column":64}},"8":{"start":{"line":11,"column":37},"end":{"line":11,"column":60}}},"fnMap":{},"branchMap":{},"s":{"0":0,"1":0,"2":0,"3":0,"4":0,"5":0,"6":0,"7":0,"8":0},"f":{},"b":{}}
,"/Users/cmoura01/Documents/dev/study/playgound/src/state/actions/musics/actions.js": {"path":"/Users/cmoura01/Documents/dev/study/playgound/src/state/actions/musics/actions.js","statementMap":{"0":{"start":{"line":12,"column":25},"end":{"line":28,"column":1}},"1":{"start":{"line":12,"column":35},"end":{"line":28,"column":1}},"2":{"start":{"line":13,"column":2},"end":{"line":13,"column":45}},"3":{"start":{"line":15,"column":2},"end":{"line":27,"column":3}},"4":{"start":{"line":16,"column":21},"end":{"line":16,"column":57}},"5":{"start":{"line":17,"column":23},"end":{"line":17,"column":27}},"6":{"start":{"line":19,"column":4},"end":{"line":22,"column":7}},"7":{"start":{"line":24,"column":4},"end":{"line":26,"column":6}},"8":{"start":{"line":30,"column":28},"end":{"line":46,"column":1}},"9":{"start":{"line":30,"column":36},"end":{"line":46,"column":1}},"10":{"start":{"line":31,"column":2},"end":{"line":31,"column":46}},"11":{"start":{"line":33,"column":2},"end":{"line":45,"column":3}},"12":{"start":{"line":34,"column":21},"end":{"line":34,"column":56}},"13":{"start":{"line":35,"column":23},"end":{"line":35,"column":27}},"14":{"start":{"line":37,"column":4},"end":{"line":40,"column":7}},"15":{"start":{"line":42,"column":4},"end":{"line":44,"column":6}}},"fnMap":{"0":{"name":"(anonymous_0)","decl":{"start":{"line":12,"column":25},"end":{"line":12,"column":26}},"loc":{"start":{"line":12,"column":35},"end":{"line":28,"column":1}},"line":12},"1":{"name":"(anonymous_1)","decl":{"start":{"line":12,"column":35},"end":{"line":12,"column":36}},"loc":{"start":{"line":12,"column":55},"end":{"line":28,"column":1}},"line":12},"2":{"name":"(anonymous_2)","decl":{"start":{"line":30,"column":28},"end":{"line":30,"column":29}},"loc":{"start":{"line":30,"column":36},"end":{"line":46,"column":1}},"line":30},"3":{"name":"(anonymous_3)","decl":{"start":{"line":30,"column":36},"end":{"line":30,"column":37}},"loc":{"start":{"line":30,"column":56},"end":{"line":46,"column":1}},"line":30}},"branchMap":{},"s":{"0":1,"1":2,"2":2,"3":2,"4":2,"5":2,"6":2,"7":0,"8":1,"9":1,"10":1,"11":1,"12":1,"13":1,"14":1,"15":0},"f":{"0":2,"1":2,"2":1,"3":1},"b":{},"_coverageSchema":"1a1c01bbd47fc00a2c39e90264f33305004495a9","hash":"9a9011717e995a1c730ee4cb1ef7b84abcd9f9f2"}
,"/Users/cmoura01/Documents/dev/study/playgound/src/state/actions/musics/types.js": {"path":"/Users/cmoura01/Documents/dev/study/playgound/src/state/actions/musics/types.js","statementMap":{"0":{"start":{"line":2,"column":38},"end":{"line":2,"column":62}},"1":{"start":{"line":3,"column":38},"end":{"line":3,"column":62}},"2":{"start":{"line":4,"column":36},"end":{"line":4,"column":58}},"3":{"start":{"line":6,"column":39},"end":{"line":6,"column":64}},"4":{"start":{"line":7,"column":39},"end":{"line":7,"column":64}},"5":{"start":{"line":8,"column":37},"end":{"line":8,"column":60}}},"fnMap":{},"branchMap":{},"s":{"0":2,"1":2,"2":2,"3":2,"4":2,"5":2},"f":{},"b":{},"_coverageSchema":"1a1c01bbd47fc00a2c39e90264f33305004495a9","hash":"139d0227cd4c04f86d150eed708d746c35e65140"}
,"/Users/cmoura01/Documents/dev/study/playgound/src/state/actions/player/actions.js": {"path":"/Users/cmoura01/Documents/dev/study/playgound/src/state/actions/player/actions.js","statementMap":{"0":{"start":{"line":3,"column":26},"end":{"line":3,"column":94}},"1":{"start":{"line":3,"column":35},"end":{"line":3,"column":94}},"2":{"start":{"line":3,"column":47},"end":{"line":3,"column":94}},"3":{"start":{"line":5,"column":26},"end":{"line":5,"column":75}},"4":{"start":{"line":5,"column":32},"end":{"line":5,"column":75}},"5":{"start":{"line":5,"column":44},"end":{"line":5,"column":75}},"6":{"start":{"line":7,"column":25},"end":{"line":7,"column":73}},"7":{"start":{"line":7,"column":31},"end":{"line":7,"column":73}},"8":{"start":{"line":7,"column":43},"end":{"line":7,"column":73}}},"fnMap":{"0":{"name":"(anonymous_0)","decl":{"start":{"line":3,"column":26},"end":{"line":3,"column":27}},"loc":{"start":{"line":3,"column":35},"end":{"line":3,"column":94}},"line":3},"1":{"name":"(anonymous_1)","decl":{"start":{"line":3,"column":35},"end":{"line":3,"column":36}},"loc":{"start":{"line":3,"column":47},"end":{"line":3,"column":94}},"line":3},"2":{"name":"(anonymous_2)","decl":{"start":{"line":5,"column":26},"end":{"line":5,"column":27}},"loc":{"start":{"line":5,"column":32},"end":{"line":5,"column":75}},"line":5},"3":{"name":"(anonymous_3)","decl":{"start":{"line":5,"column":32},"end":{"line":5,"column":33}},"loc":{"start":{"line":5,"column":44},"end":{"line":5,"column":75}},"line":5},"4":{"name":"(anonymous_4)","decl":{"start":{"line":7,"column":25},"end":{"line":7,"column":26}},"loc":{"start":{"line":7,"column":31},"end":{"line":7,"column":73}},"line":7},"5":{"name":"(anonymous_5)","decl":{"start":{"line":7,"column":31},"end":{"line":7,"column":32}},"loc":{"start":{"line":7,"column":43},"end":{"line":7,"column":73}},"line":7}},"branchMap":{},"s":{"0":1,"1":3,"2":3,"3":1,"4":1,"5":1,"6":1,"7":1,"8":1},"f":{"0":3,"1":3,"2":1,"3":1,"4":1,"5":1},"b":{},"_coverageSchema":"1a1c01bbd47fc00a2c39e90264f33305004495a9","hash":"77e8a4aaa527d5592e9d613aaf9cdd552f60efb9"}
,"/Users/cmoura01/Documents/dev/study/playgound/src/state/actions/player/types.js": {"path":"/Users/cmoura01/Documents/dev/study/playgound/src/state/actions/player/types.js","statementMap":{"0":{"start":{"line":1,"column":36},"end":{"line":1,"column":58}},"1":{"start":{"line":2,"column":34},"end":{"line":2,"column":54}},"2":{"start":{"line":3,"column":36},"end":{"line":3,"column":58}},"3":{"start":{"line":5,"column":27},"end":{"line":5,"column":40}},"4":{"start":{"line":6,"column":27},"end":{"line":6,"column":40}},"5":{"start":{"line":7,"column":26},"end":{"line":7,"column":38}}},"fnMap":{},"branchMap":{},"s":{"0":2,"1":2,"2":2,"3":2,"4":2,"5":2},"f":{},"b":{},"_coverageSchema":"1a1c01bbd47fc00a2c39e90264f33305004495a9","hash":"cc8f76f8ea1a33c934cb87589fa81e9e07e7572b"}
,"/Users/cmoura01/Documents/dev/study/playgound/src/state/reducers/index.js": {"path":"/Users/cmoura01/Documents/dev/study/playgound/src/state/reducers/index.js","statementMap":{},"fnMap":{},"branchMap":{},"s":{},"f":{},"b":{},"_coverageSchema":"1a1c01bbd47fc00a2c39e90264f33305004495a9","hash":"a78b5b729cea7aab8e48318ac4d9e24d15847846"}
,"/Users/cmoura01/Documents/dev/study/playgound/src/state/reducers/auth/index.js": {"path":"/Users/cmoura01/Documents/dev/study/playgound/src/state/reducers/auth/index.js","statementMap":{"0":{"start":{"line":4,"column":21},"end":{"line":7,"column":1}},"1":{"start":{"line":10,"column":2},"end":{"line":47,"column":3}},"2":{"start":{"line":12,"column":6},"end":{"line":15,"column":7}},"3":{"start":{"line":17,"column":6},"end":{"line":21,"column":7}},"4":{"start":{"line":23,"column":6},"end":{"line":26,"column":7}},"5":{"start":{"line":28,"column":6},"end":{"line":31,"column":7}},"6":{"start":{"line":33,"column":6},"end":{"line":37,"column":7}},"7":{"start":{"line":39,"column":6},"end":{"line":42,"column":7}},"8":{"start":{"line":44,"column":6},"end":{"line":44,"column":25}},"9":{"start":{"line":46,"column":6},"end":{"line":46,"column":19}}},"fnMap":{"0":{"name":"authReducer","decl":{"start":{"line":9,"column":24},"end":{"line":9,"column":35}},"loc":{"start":{"line":9,"column":66},"end":{"line":48,"column":1}},"line":9}},"branchMap":{"0":{"loc":{"start":{"line":9,"column":36},"end":{"line":9,"column":56}},"type":"default-arg","locations":[{"start":{"line":9,"column":44},"end":{"line":9,"column":56}}],"line":9},"1":{"loc":{"start":{"line":10,"column":2},"end":{"line":47,"column":3}},"type":"switch","locations":[{"start":{"line":11,"column":4},"end":{"line":15,"column":7}},{"start":{"line":16,"column":4},"end":{"line":21,"column":7}},{"start":{"line":22,"column":4},"end":{"line":26,"column":7}},{"start":{"line":27,"column":4},"end":{"line":31,"column":7}},{"start":{"line":32,"column":4},"end":{"line":37,"column":7}},{"start":{"line":38,"column":4},"end":{"line":42,"column":7}},{"start":{"line":43,"column":4},"end":{"line":44,"column":25}},{"start":{"line":45,"column":4},"end":{"line":46,"column":19}}],"line":10}},"s":{"0":2,"1":17,"2":0,"3":0,"4":0,"5":0,"6":0,"7":0,"8":0,"9":17},"f":{"0":17},"b":{"0":[6],"1":[0,0,0,0,0,0,0,17]},"_coverageSchema":"1a1c01bbd47fc00a2c39e90264f33305004495a9","hash":"3b7bbb966fb762690f089c5c7b0650c54b31a98e"}
,"/Users/cmoura01/Documents/dev/study/playgound/src/state/reducers/favorites/add.js": {"path":"/Users/cmoura01/Documents/dev/study/playgound/src/state/reducers/favorites/add.js","statementMap":{"0":{"start":{"line":4,"column":21},"end":{"line":6,"column":1}},"1":{"start":{"line":9,"column":2},"end":{"line":24,"column":3}},"2":{"start":{"line":11,"column":6},"end":{"line":13,"column":7}},"3":{"start":{"line":15,"column":6},"end":{"line":17,"column":7}},"4":{"start":{"line":19,"column":6},"end":{"line":21,"column":7}},"5":{"start":{"line":23,"column":6},"end":{"line":23,"column":19}}},"fnMap":{"0":{"name":"addFavoriteReducer","decl":{"start":{"line":8,"column":24},"end":{"line":8,"column":42}},"loc":{"start":{"line":8,"column":73},"end":{"line":25,"column":1}},"line":8}},"branchMap":{"0":{"loc":{"start":{"line":8,"column":43},"end":{"line":8,"column":63}},"type":"default-arg","locations":[{"start":{"line":8,"column":51},"end":{"line":8,"column":63}}],"line":8},"1":{"loc":{"start":{"line":9,"column":2},"end":{"line":24,"column":3}},"type":"switch","locations":[{"start":{"line":10,"column":4},"end":{"line":13,"column":7}},{"start":{"line":14,"column":4},"end":{"line":17,"column":7}},{"start":{"line":18,"column":4},"end":{"line":21,"column":7}},{"start":{"line":22,"column":4},"end":{"line":23,"column":19}}],"line":9}},"s":{"0":0,"1":0,"2":0,"3":0,"4":0,"5":0},"f":{"0":0},"b":{"0":[0],"1":[0,0,0,0]}}
,"/Users/cmoura01/Documents/dev/study/playgound/src/state/reducers/favorites/list.js": {"path":"/Users/cmoura01/Documents/dev/study/playgound/src/state/reducers/favorites/list.js","statementMap":{"0":{"start":{"line":4,"column":21},"end":{"line":7,"column":1}},"1":{"start":{"line":12,"column":2},"end":{"line":31,"column":3}},"2":{"start":{"line":14,"column":6},"end":{"line":17,"column":7}},"3":{"start":{"line":19,"column":6},"end":{"line":23,"column":7}},"4":{"start":{"line":25,"column":6},"end":{"line":28,"column":7}},"5":{"start":{"line":30,"column":6},"end":{"line":30,"column":19}}},"fnMap":{"0":{"name":"favoritesReducer","decl":{"start":{"line":11,"column":24},"end":{"line":11,"column":40}},"loc":{"start":{"line":11,"column":71},"end":{"line":32,"column":1}},"line":11}},"branchMap":{"0":{"loc":{"start":{"line":11,"column":41},"end":{"line":11,"column":61}},"type":"default-arg","locations":[{"start":{"line":11,"column":49},"end":{"line":11,"column":61}}],"line":11},"1":{"loc":{"start":{"line":12,"column":2},"end":{"line":31,"column":3}},"type":"switch","locations":[{"start":{"line":13,"column":4},"end":{"line":17,"column":7}},{"start":{"line":18,"column":4},"end":{"line":23,"column":7}},{"start":{"line":24,"column":4},"end":{"line":28,"column":7}},{"start":{"line":29,"column":4},"end":{"line":30,"column":19}}],"line":12}},"s":{"0":0,"1":0,"2":0,"3":0,"4":0,"5":0},"f":{"0":0},"b":{"0":[0],"1":[0,0,0,0]}}
,"/Users/cmoura01/Documents/dev/study/playgound/src/state/reducers/favorites/remove.js": {"path":"/Users/cmoura01/Documents/dev/study/playgound/src/state/reducers/favorites/remove.js","statementMap":{"0":{"start":{"line":4,"column":21},"end":{"line":6,"column":1}},"1":{"start":{"line":9,"column":2},"end":{"line":24,"column":3}},"2":{"start":{"line":11,"column":6},"end":{"line":13,"column":7}},"3":{"start":{"line":15,"column":6},"end":{"line":17,"column":7}},"4":{"start":{"line":19,"column":6},"end":{"line":21,"column":7}},"5":{"start":{"line":23,"column":6},"end":{"line":23,"column":19}}},"fnMap":{"0":{"name":"removeFavoriteReducer","decl":{"start":{"line":8,"column":24},"end":{"line":8,"column":45}},"loc":{"start":{"line":8,"column":76},"end":{"line":25,"column":1}},"line":8}},"branchMap":{"0":{"loc":{"start":{"line":8,"column":46},"end":{"line":8,"column":66}},"type":"default-arg","locations":[{"start":{"line":8,"column":54},"end":{"line":8,"column":66}}],"line":8},"1":{"loc":{"start":{"line":9,"column":2},"end":{"line":24,"column":3}},"type":"switch","locations":[{"start":{"line":10,"column":4},"end":{"line":13,"column":7}},{"start":{"line":14,"column":4},"end":{"line":17,"column":7}},{"start":{"line":18,"column":4},"end":{"line":21,"column":7}},{"start":{"line":22,"column":4},"end":{"line":23,"column":19}}],"line":9}},"s":{"0":0,"1":0,"2":0,"3":0,"4":0,"5":0},"f":{"0":0},"b":{"0":[0],"1":[0,0,0,0]}}
,"/Users/cmoura01/Documents/dev/study/playgound/src/state/reducers/musics/details.js": {"path":"/Users/cmoura01/Documents/dev/study/playgound/src/state/reducers/musics/details.js","statementMap":{"0":{"start":{"line":8,"column":21},"end":{"line":11,"column":1}},"1":{"start":{"line":14,"column":2},"end":{"line":32,"column":3}},"2":{"start":{"line":16,"column":6},"end":{"line":19,"column":7}},"3":{"start":{"line":21,"column":6},"end":{"line":24,"column":7}},"4":{"start":{"line":26,"column":6},"end":{"line":29,"column":7}},"5":{"start":{"line":31,"column":6},"end":{"line":31,"column":19}}},"fnMap":{"0":{"name":"musicsReducer","decl":{"start":{"line":13,"column":24},"end":{"line":13,"column":37}},"loc":{"start":{"line":13,"column":68},"end":{"line":33,"column":1}},"line":13}},"branchMap":{"0":{"loc":{"start":{"line":13,"column":38},"end":{"line":13,"column":58}},"type":"default-arg","locations":[{"start":{"line":13,"column":46},"end":{"line":13,"column":58}}],"line":13},"1":{"loc":{"start":{"line":14,"column":2},"end":{"line":32,"column":3}},"type":"switch","locations":[{"start":{"line":15,"column":4},"end":{"line":19,"column":7}},{"start":{"line":20,"column":4},"end":{"line":24,"column":7}},{"start":{"line":25,"column":4},"end":{"line":29,"column":7}},{"start":{"line":30,"column":4},"end":{"line":31,"column":19}}],"line":14}},"s":{"0":2,"1":17,"2":1,"3":1,"4":0,"5":15},"f":{"0":17},"b":{"0":[6],"1":[1,1,0,15]},"_coverageSchema":"1a1c01bbd47fc00a2c39e90264f33305004495a9","hash":"848f626cbc5729434c301f2f48254e10f19d2314"}
,"/Users/cmoura01/Documents/dev/study/playgound/src/state/reducers/musics/list.js": {"path":"/Users/cmoura01/Documents/dev/study/playgound/src/state/reducers/musics/list.js","statementMap":{"0":{"start":{"line":8,"column":21},"end":{"line":11,"column":1}},"1":{"start":{"line":14,"column":2},"end":{"line":32,"column":3}},"2":{"start":{"line":16,"column":6},"end":{"line":19,"column":7}},"3":{"start":{"line":21,"column":6},"end":{"line":24,"column":7}},"4":{"start":{"line":26,"column":6},"end":{"line":29,"column":7}},"5":{"start":{"line":31,"column":6},"end":{"line":31,"column":19}}},"fnMap":{"0":{"name":"musicsReducer","decl":{"start":{"line":13,"column":24},"end":{"line":13,"column":37}},"loc":{"start":{"line":13,"column":68},"end":{"line":33,"column":1}},"line":13}},"branchMap":{"0":{"loc":{"start":{"line":13,"column":38},"end":{"line":13,"column":58}},"type":"default-arg","locations":[{"start":{"line":13,"column":46},"end":{"line":13,"column":58}}],"line":13},"1":{"loc":{"start":{"line":14,"column":2},"end":{"line":32,"column":3}},"type":"switch","locations":[{"start":{"line":15,"column":4},"end":{"line":19,"column":7}},{"start":{"line":20,"column":4},"end":{"line":24,"column":7}},{"start":{"line":25,"column":4},"end":{"line":29,"column":7}},{"start":{"line":30,"column":4},"end":{"line":31,"column":19}}],"line":14}},"s":{"0":2,"1":17,"2":2,"3":2,"4":0,"5":13},"f":{"0":17},"b":{"0":[6],"1":[2,2,0,13]},"_coverageSchema":"1a1c01bbd47fc00a2c39e90264f33305004495a9","hash":"b3f75b2825d019586e503cf8a79971066f92beba"}
,"/Users/cmoura01/Documents/dev/study/playgound/src/state/reducers/player/index.js": {"path":"/Users/cmoura01/Documents/dev/study/playgound/src/state/reducers/player/index.js","statementMap":{"0":{"start":{"line":4,"column":21},"end":{"line":9,"column":1}},"1":{"start":{"line":12,"column":2},"end":{"line":31,"column":3}},"2":{"start":{"line":14,"column":6},"end":{"line":18,"column":7}},"3":{"start":{"line":20,"column":6},"end":{"line":23,"column":7}},"4":{"start":{"line":25,"column":6},"end":{"line":28,"column":7}},"5":{"start":{"line":30,"column":6},"end":{"line":30,"column":19}}},"fnMap":{"0":{"name":"playerReducer","decl":{"start":{"line":11,"column":24},"end":{"line":11,"column":37}},"loc":{"start":{"line":11,"column":68},"end":{"line":32,"column":1}},"line":11}},"branchMap":{"0":{"loc":{"start":{"line":11,"column":38},"end":{"line":11,"column":58}},"type":"default-arg","locations":[{"start":{"line":11,"column":46},"end":{"line":11,"column":58}}],"line":11},"1":{"loc":{"start":{"line":12,"column":2},"end":{"line":31,"column":3}},"type":"switch","locations":[{"start":{"line":13,"column":4},"end":{"line":18,"column":7}},{"start":{"line":19,"column":4},"end":{"line":23,"column":7}},{"start":{"line":24,"column":4},"end":{"line":28,"column":7}},{"start":{"line":29,"column":4},"end":{"line":30,"column":19}}],"line":12}},"s":{"0":2,"1":17,"2":3,"3":1,"4":1,"5":12},"f":{"0":17},"b":{"0":[6],"1":[3,1,1,12]},"_coverageSchema":"1a1c01bbd47fc00a2c39e90264f33305004495a9","hash":"8ffc88b6295a7e768f80bc93e889c858730dea9c"}
,"/Users/cmoura01/Documents/dev/study/playgound/src/state/tests/auth/data.js": {"path":"/Users/cmoura01/Documents/dev/study/playgound/src/state/tests/auth/data.js","statementMap":{"0":{"start":{"line":1,"column":41},"end":{"line":11,"column":1}}},"fnMap":{},"branchMap":{},"s":{"0":0},"f":{},"b":{}}
,"/Users/cmoura01/Documents/dev/study/playgound/src/state/tests/musics/data.js": {"path":"/Users/cmoura01/Documents/dev/study/playgound/src/state/tests/musics/data.js","statementMap":{"0":{"start":{"line":1,"column":41},"end":{"line":12,"column":1}}},"fnMap":{},"branchMap":{},"s":{"0":1},"f":{},"b":{},"_coverageSchema":"1a1c01bbd47fc00a2c39e90264f33305004495a9","hash":"b35f58d0638d721afd36901ef84e6586e0a9861c"}
,"/Users/cmoura01/Documents/dev/study/playgound/src/state/tests/player/data.js": {"path":"/Users/cmoura01/Documents/dev/study/playgound/src/state/tests/player/data.js","statementMap":{"0":{"start":{"line":1,"column":41},"end":{"line":13,"column":1}}},"fnMap":{},"branchMap":{},"s":{"0":1},"f":{},"b":{},"_coverageSchema":"1a1c01bbd47fc00a2c39e90264f33305004495a9","hash":"c28eca795878d5aac89ae77833a93e8202a127d2"}
}
