TN:
SF:src/App.js
FN:4,(anonymous_0)
FNF:1
FNH:0
FNDA:0,(anonymous_0)
DA:4,0
DA:5,0
LF:2
LH:0
BRF:0
BRH:0
end_of_record
TN:
SF:src/index.js
FNF:0
FNH:0
DA:5,0
LF:1
LH:0
BRF:0
BRH:0
end_of_record
TN:
SF:src/config/constants.js
FNF:0
FNH:0
DA:1,2
DA:6,2
DA:12,2
LF:3
LH:3
BRF:0
BRH:0
end_of_record
TN:
SF:src/config/endpoints.js
FNF:0
FNH:0
DA:1,1
LF:1
LH:1
BRF:0
BRH:0
end_of_record
TN:
SF:src/services/AuthService.js
FN:5,(anonymous_0)
FN:8,(anonymous_1)
FNF:2
FNH:0
FNDA:0,(anonymous_0)
FNDA:0,(anonymous_1)
DA:4,0
DA:6,0
DA:9,0
LF:3
LH:0
BRF:0
BRH:0
end_of_record
TN:
SF:src/services/MusicService.js
FN:5,(anonymous_0)
FN:8,(anonymous_1)
FN:11,(anonymous_2)
FN:14,(anonymous_3)
FN:17,(anonymous_4)
FNF:5
FNH:0
FNDA:0,(anonymous_0)
FNDA:0,(anonymous_1)
FNDA:0,(anonymous_2)
FNDA:0,(anonymous_3)
FNDA:0,(anonymous_4)
DA:4,1
DA:6,0
DA:9,0
DA:12,0
DA:15,0
DA:18,0
LF:6
LH:1
BRF:0
BRH:0
end_of_record
TN:
SF:src/services/utils.js
FN:1,(anonymous_0)
FNF:1
FNH:0
FNDA:0,(anonymous_0)
DA:1,0
LF:1
LH:0
BRF:0
BRH:0
end_of_record
TN:
SF:src/state/store.js
FNF:0
FNH:0
DA:6,2
DA:8,2
DA:10,2
LF:3
LH:3
BRF:0
BRH:0
end_of_record
TN:
SF:src/state/actions/auth/actions.js
FN:12,(anonymous_0)
FN:12,(anonymous_1)
FN:30,(anonymous_2)
FN:30,(anonymous_3)
FN:48,(anonymous_4)
FN:48,(anonymous_5)
FNF:6
FNH:0
FNDA:0,(anonymous_0)
FNDA:0,(anonymous_1)
FNDA:0,(anonymous_2)
FNDA:0,(anonymous_3)
FNDA:0,(anonymous_4)
FNDA:0,(anonymous_5)
DA:12,0
DA:13,0
DA:15,0
DA:16,0
DA:17,0
DA:19,0
DA:24,0
DA:30,0
DA:31,0
DA:33,0
DA:34,0
DA:35,0
DA:37,0
DA:42,0
DA:48,0
LF:15
LH:0
BRF:0
BRH:0
end_of_record
TN:
SF:src/state/actions/auth/types.js
FNF:0
FNH:0
DA:1,2
DA:2,2
DA:3,2
DA:5,2
DA:6,2
DA:7,2
DA:9,2
LF:7
LH:7
BRF:0
BRH:0
end_of_record
TN:
SF:src/state/actions/favorites/actions.js
FN:4,(anonymous_0)
FN:4,(anonymous_1)
FN:22,(anonymous_2)
FN:22,(anonymous_3)
FN:40,(anonymous_4)
FN:40,(anonymous_5)
FNF:6
FNH:0
FNDA:0,(anonymous_0)
FNDA:0,(anonymous_1)
FNDA:0,(anonymous_2)
FNDA:0,(anonymous_3)
FNDA:0,(anonymous_4)
FNDA:0,(anonymous_5)
DA:4,0
DA:5,0
DA:7,0
DA:8,0
DA:9,0
DA:11,0
DA:16,0
DA:22,0
DA:23,0
DA:25,0
DA:26,0
DA:27,0
DA:29,0
DA:34,0
DA:40,0
DA:41,0
DA:43,0
DA:44,0
DA:45,0
DA:47,0
DA:52,0
LF:21
LH:0
BRF:0
BRH:0
end_of_record
TN:
SF:src/state/actions/favorites/types.js
FNF:0
FNH:0
DA:1,0
DA:2,0
DA:3,0
DA:5,0
DA:6,0
DA:7,0
DA:9,0
DA:10,0
DA:11,0
LF:9
LH:0
BRF:0
BRH:0
end_of_record
TN:
SF:src/state/actions/musics/actions.js
FN:12,(anonymous_0)
FN:12,(anonymous_1)
FN:30,(anonymous_2)
FN:30,(anonymous_3)
FNF:4
FNH:4
FNDA:2,(anonymous_0)
FNDA:2,(anonymous_1)
FNDA:1,(anonymous_2)
FNDA:1,(anonymous_3)
DA:12,2
DA:13,2
DA:15,2
DA:16,2
DA:17,2
DA:19,2
DA:24,0
DA:30,1
DA:31,1
DA:33,1
DA:34,1
DA:35,1
DA:37,1
DA:42,0
LF:14
LH:12
BRF:0
BRH:0
end_of_record
TN:
SF:src/state/actions/musics/types.js
FNF:0
FNH:0
DA:2,2
DA:3,2
DA:4,2
DA:6,2
DA:7,2
DA:8,2
LF:6
LH:6
BRF:0
BRH:0
end_of_record
TN:
SF:src/state/actions/player/actions.js
FN:3,(anonymous_0)
FN:3,(anonymous_1)
FN:5,(anonymous_2)
FN:5,(anonymous_3)
FN:7,(anonymous_4)
FN:7,(anonymous_5)
FNF:6
FNH:6
FNDA:3,(anonymous_0)
FNDA:3,(anonymous_1)
FNDA:1,(anonymous_2)
FNDA:1,(anonymous_3)
FNDA:1,(anonymous_4)
FNDA:1,(anonymous_5)
DA:3,3
DA:5,1
DA:7,1
LF:3
LH:3
BRF:0
BRH:0
end_of_record
TN:
SF:src/state/actions/player/types.js
FNF:0
FNH:0
DA:1,2
DA:2,2
DA:3,2
DA:5,2
DA:6,2
DA:7,2
LF:6
LH:6
BRF:0
BRH:0
end_of_record
TN:
SF:src/state/reducers/index.js
FNF:0
FNH:0
LF:0
LH:0
BRF:0
BRH:0
end_of_record
TN:
SF:src/state/reducers/auth/index.js
FN:9,authReducer
FNF:1
FNH:1
FNDA:17,authReducer
DA:4,2
DA:10,17
DA:12,0
DA:17,0
DA:23,0
DA:28,0
DA:33,0
DA:39,0
DA:44,0
DA:46,17
LF:10
LH:3
BRDA:9,0,0,6
BRDA:10,1,0,0
BRDA:10,1,1,0
BRDA:10,1,2,0
BRDA:10,1,3,0
BRDA:10,1,4,0
BRDA:10,1,5,0
BRDA:10,1,6,0
BRDA:10,1,7,17
BRF:9
BRH:2
end_of_record
TN:
SF:src/state/reducers/favorites/add.js
FN:8,addFavoriteReducer
FNF:1
FNH:0
FNDA:0,addFavoriteReducer
DA:4,0
DA:9,0
DA:11,0
DA:15,0
DA:19,0
DA:23,0
LF:6
LH:0
BRDA:8,0,0,0
BRDA:9,1,0,0
BRDA:9,1,1,0
BRDA:9,1,2,0
BRDA:9,1,3,0
BRF:5
BRH:0
end_of_record
TN:
SF:src/state/reducers/favorites/list.js
FN:11,favoritesReducer
FNF:1
FNH:0
FNDA:0,favoritesReducer
DA:4,0
DA:12,0
DA:14,0
DA:19,0
DA:25,0
DA:30,0
LF:6
LH:0
BRDA:11,0,0,0
BRDA:12,1,0,0
BRDA:12,1,1,0
BRDA:12,1,2,0
BRDA:12,1,3,0
BRF:5
BRH:0
end_of_record
TN:
SF:src/state/reducers/favorites/remove.js
FN:8,removeFavoriteReducer
FNF:1
FNH:0
FNDA:0,removeFavoriteReducer
DA:4,0
DA:9,0
DA:11,0
DA:15,0
DA:19,0
DA:23,0
LF:6
LH:0
BRDA:8,0,0,0
BRDA:9,1,0,0
BRDA:9,1,1,0
BRDA:9,1,2,0
BRDA:9,1,3,0
BRF:5
BRH:0
end_of_record
TN:
SF:src/state/reducers/musics/details.js
FN:13,musicsReducer
FNF:1
FNH:1
FNDA:17,musicsReducer
DA:8,2
DA:14,17
DA:16,1
DA:21,1
DA:26,0
DA:31,15
LF:6
LH:5
BRDA:13,0,0,6
BRDA:14,1,0,1
BRDA:14,1,1,1
BRDA:14,1,2,0
BRDA:14,1,3,15
BRF:5
BRH:4
end_of_record
TN:
SF:src/state/reducers/musics/list.js
FN:13,musicsReducer
FNF:1
FNH:1
FNDA:17,musicsReducer
DA:8,2
DA:14,17
DA:16,2
DA:21,2
DA:26,0
DA:31,13
LF:6
LH:5
BRDA:13,0,0,6
BRDA:14,1,0,2
BRDA:14,1,1,2
BRDA:14,1,2,0
BRDA:14,1,3,13
BRF:5
BRH:4
end_of_record
TN:
SF:src/state/reducers/player/index.js
FN:11,playerReducer
FNF:1
FNH:1
FNDA:17,playerReducer
DA:4,2
DA:12,17
DA:14,3
DA:20,1
DA:25,1
DA:30,12
LF:6
LH:6
BRDA:11,0,0,6
BRDA:12,1,0,3
BRDA:12,1,1,1
BRDA:12,1,2,1
BRDA:12,1,3,12
BRF:5
BRH:5
end_of_record
TN:
SF:src/state/tests/auth/data.js
FNF:0
FNH:0
DA:1,0
LF:1
LH:0
BRF:0
BRH:0
end_of_record
TN:
SF:src/state/tests/musics/data.js
FNF:0
FNH:0
DA:1,1
LF:1
LH:1
BRF:0
BRH:0
end_of_record
TN:
SF:src/state/tests/player/data.js
FNF:0
FNH:0
DA:1,1
LF:1
LH:1
BRF:0
BRH:0
end_of_record
